\BOOKMARK [0][-]{chapter*.8}{\376\377\000I\000n\000t\000r\000o\000d\000u\000c\000t\000i\000o\000n}{}% 1
\BOOKMARK [1][-]{section*.9}{\376\377\000M\000o\000t\000i\000v\000a\000t\000i\000o\000n}{chapter*.8}% 2
\BOOKMARK [1][-]{section*.10}{\376\377\000G\000o\000a\000l\000\040\000o\000f\000\040\000t\000h\000e\000\040\000t\000h\000e\000s\000i\000s}{chapter*.8}% 3
\BOOKMARK [1][-]{section*.11}{\376\377\000T\000h\000e\000s\000i\000s\000\040\000s\000t\000r\000u\000c\000t\000u\000r\000e}{chapter*.8}% 4
\BOOKMARK [0][-]{chapter.1}{\376\377\000B\000a\000s\000i\000c\000\040\000c\000o\000n\000c\000e\000p\000t\000s\000\040\000o\000f\000\040\000L\000o\000g\000\040\000A\000n\000a\000l\000y\000s\000i\000s}{}% 5
\BOOKMARK [1][-]{section.1.1}{\376\377\000L\000o\000g\000\040\000A\000n\000a\000l\000y\000s\000i\000s}{chapter.1}% 6
\BOOKMARK [1][-]{section.1.2}{\376\377\000L\000o\000g\000\040\000A\000n\000a\000l\000y\000s\000i\000s\000\040\000c\000o\000r\000e\000\040\000f\000u\000n\000c\000t\000i\000o\000n\000s}{chapter.1}% 7
\BOOKMARK [0][-]{chapter.2}{\376\377\000S\000t\000a\000t\000e\000-\000o\000f\000-\000t\000h\000e\000-\000a\000r\000t}{}% 8
\BOOKMARK [1][-]{section.2.1}{}{chapter.2}% 9
\BOOKMARK [0][-]{chapter.3}{\376\377\000A\000n\000a\000l\000y\000s\000i\000s\000\040\000a\000n\000d\000\040\000d\000e\000s\000i\000g\000n}{}% 10
\BOOKMARK [1][-]{section.3.1}{\376\377\000T\000e\000x\000t\000\040\000p\000a\000r\000s\000i\000n\000g}{chapter.3}% 11
\BOOKMARK [0][-]{chapter.4}{\376\377\000L\000o\000g\000\040\000A\000n\000a\000l\000y\000t\000i\000c\000s\000\040\000t\000e\000c\000h\000n\000i\000q\000u\000e\000s}{}% 12
\BOOKMARK [1][-]{section.4.1}{\376\377\000N\000a\000t\000u\000r\000a\000l\000\040\000L\000a\000n\000g\000u\000a\000g\000e\000\040\000P\000r\000o\000c\000e\000s\000s\000i\000n\000g}{chapter.4}% 13
\BOOKMARK [2][-]{subsection.4.1.1}{\376\377\000L\000i\000n\000g\000u\000i\000s\000t\000i\000c\000\040\000a\000p\000p\000r\000o\000a\000c\000h}{section.4.1}% 14
\BOOKMARK [2][-]{subsection.4.1.2}{\376\377\000T\000o\000k\000e\000n\000i\000z\000a\000t\000i\000o\000n}{section.4.1}% 15
\BOOKMARK [2][-]{subsection.4.1.3}{\376\377\000D\000i\000m\000e\000n\000s\000i\000o\000n\000a\000l\000i\000t\000y\000\040\000r\000e\000d\000u\000c\000t\000i\000o\000n\000\040\000a\000n\000d\000\040\000n\000o\000r\000m\000a\000l\000i\000z\000a\000t\000i\000o\000n}{section.4.1}% 16
\BOOKMARK [2][-]{subsection.4.1.4}{\376\377\000E\000n\000c\000o\000d\000i\000n\000g}{section.4.1}% 17
\BOOKMARK [3][-]{subsubsection.4.1.4.1}{\376\377\000T\000e\000r\000m\000\040\000F\000r\000e\000q\000u\000e\000n\000c\000y\000\040\000V\000e\000c\000t\000o\000r\000i\000z\000a\000t\000i\000o\000n}{subsection.4.1.4}% 18
\BOOKMARK [3][-]{subsubsection.4.1.4.2}{\376\377\000O\000n\000e\000-\000H\000o\000t\000\040\000V\000e\000c\000t\000o\000r\000i\000z\000a\000t\000i\000o\000n}{subsection.4.1.4}% 19
\BOOKMARK [3][-]{subsubsection.4.1.4.3}{\376\377\000T\000e\000r\000m\000\040\000F\000r\000e\000q\000u\000e\000n\000c\000y\000\040\000-\000\040\000I\000n\000v\000e\000r\000s\000e\000\040\000D\000o\000c\000u\000m\000e\000n\000t\000\040\000F\000r\000e\000q\000u\000e\000n\000c\000y}{subsection.4.1.4}% 20
\BOOKMARK [2][-]{subsection.4.1.5}{\376\377\000S\000u\000m\000m\000a\000r\000y}{section.4.1}% 21
\BOOKMARK [1][-]{section.4.2}{\376\377\000N\000-\000g\000r\000a\000m\000s\000\040\000a\000p\000p\000r\000o\000a\000c\000h}{chapter.4}% 22
\BOOKMARK [2][-]{subsection.4.2.1}{\376\377\000N\000-\000g\000r\000a\000m\000s\000\040\000t\000o\000k\000e\000n\000i\000z\000a\000t\000i\000o\000n}{section.4.2}% 23
\BOOKMARK [2][-]{subsection.4.2.2}{\376\377\000D\000i\000m\000e\000n\000s\000i\000o\000n\000a\000l\000i\000t\000y\000\040\000r\000e\000d\000u\000c\000t\000i\000o\000n\000\040\000a\000n\000d\000\040\000n\000o\000r\000m\000a\000l\000i\000z\000a\000t\000i\000o\000n}{section.4.2}% 24
\BOOKMARK [2][-]{subsection.4.2.3}{\376\377\000E\000n\000c\000o\000d\000i\000n\000g}{section.4.2}% 25
\BOOKMARK [2][-]{subsection.4.2.4}{\376\377\000S\000u\000m\000m\000a\000r\000y}{section.4.2}% 26
\BOOKMARK [1][-]{section.4.3}{\376\377\000C\000l\000u\000s\000t\000e\000r\000i\000n\000g}{chapter.4}% 27
\BOOKMARK [0][-]{chapter.5}{\376\377\000L\000o\000g\000\040\000A\000n\000a\000l\000y\000t\000i\000c\000s\000\040\000a\000n\000d\000\040\000M\000a\000c\000h\000i\000n\000e\000\040\000L\000e\000a\000r\000n\000i\000n\000g}{}% 28
\BOOKMARK [1][-]{section.5.1}{\376\377\000C\000a\000t\000e\000g\000o\000r\000i\000e\000s\000\040\000o\000f\000\040\000m\000a\000c\000h\000i\000n\000e\000\040\000l\000e\000a\000r\000n\000i\000n\000g\000\040\000m\000e\000t\000h\000o\000d\000s}{chapter.5}% 29
\BOOKMARK [2][-]{subsection.5.1.1}{\376\377\000S\000u\000p\000e\000r\000v\000i\000s\000e\000d\000\040\000l\000e\000a\000r\000n\000i\000n\000g}{section.5.1}% 30
\BOOKMARK [2][-]{subsection.5.1.2}{\376\377\000U\000n\000s\000u\000p\000e\000r\000v\000i\000s\000e\000d\000\040\000l\000e\000a\000r\000n\000i\000n\000g}{section.5.1}% 31
\BOOKMARK [2][-]{subsection.5.1.3}{\376\377\000S\000e\000m\000i\000-\000s\000u\000p\000e\000r\000v\000i\000s\000e\000d\000\040\000l\000e\000a\000r\000n\000i\000n\000g}{section.5.1}% 32
\BOOKMARK [1][-]{section.5.2}{\376\377\000S\000e\000l\000f\000-\000O\000r\000g\000a\000n\000i\000z\000i\000n\000g\000\040\000M\000a\000p}{chapter.5}% 33
\BOOKMARK [2][-]{subsection.5.2.1}{\376\377\000D\000e\000s\000c\000r\000i\000p\000t\000i\000o\000n}{section.5.2}% 34
\BOOKMARK [2][-]{subsection.5.2.2}{\376\377\000T\000r\000a\000i\000n\000i\000n\000g\000\040\000a\000l\000g\000o\000r\000i\000t\000h\000m}{section.5.2}% 35
\BOOKMARK [1][-]{section.5.3}{\376\377\000G\000r\000o\000w\000i\000n\000g\000\040\000S\000e\000l\000f\000-\000O\000r\000g\000a\000n\000i\000z\000i\000n\000g\000\040\000M\000a\000p}{chapter.5}% 36
\BOOKMARK [2][-]{subsection.5.3.1}{\376\377\000D\000e\000s\000c\000r\000i\000p\000t\000i\000o\000n}{section.5.3}% 37
\BOOKMARK [2][-]{subsection.5.3.2}{\376\377\000T\000r\000a\000i\000n\000i\000n\000g\000\040\000a\000l\000g\000o\000r\000i\000t\000h\000m}{section.5.3}% 38
\BOOKMARK [0][-]{chapter.6}{\376\377\000R\000e\000a\000l\000i\000s\000a\000t\000i\000o\000n}{}% 39
\BOOKMARK [0][-]{chapter.7}{\376\377\000E\000x\000p\000e\000r\000i\000m\000e\000n\000t\000s}{}% 40
\BOOKMARK [1][-]{section.7.1}{\376\377\000E\000v\000a\000l\000u\000a\000t\000i\000o\000n}{chapter.7}% 41
\BOOKMARK [2][-]{subsection.7.1.1}{\376\377\000R\000a\000n\000d\000\040\000I\000n\000d\000e\000x}{section.7.1}% 42
\BOOKMARK [2][-]{subsection.7.1.2}{\376\377\000L\000i\000n\000g\000u\000i\000s\000t\000i\000c\000\040\000a\000p\000p\000r\000o\000a\000c\000h}{section.7.1}% 43
\BOOKMARK [2][-]{subsection.7.1.3}{\376\377\000N\000-\000g\000r\000a\000m\000s\000\040\000a\000p\000p\000r\000o\000a\000c\000h}{section.7.1}% 44
\BOOKMARK [2][-]{subsection.7.1.4}{\376\377\000G\000S\000O\000M\000\040\000a\000p\000p\000r\000o\000a\000c\000h}{section.7.1}% 45
\BOOKMARK [2][-]{subsection.7.1.5}{\376\377\000E\000v\000a\000l\000u\000a\000t\000i\000o\000n\000\040\000s\000u\000m\000m\000a\000r\000y}{section.7.1}% 46
\BOOKMARK [0][-]{chapter*.12}{\376\377\000C\000o\000n\000c\000l\000u\000s\000i\000o\000n}{}% 47
\BOOKMARK [0][-]{chapter*.13}{\376\377\000B\000i\000b\000l\000i\000o\000g\000r\000a\000p\000h\000y}{}% 48
\BOOKMARK [0][-]{appendix.A}{\376\377\000A\000c\000r\000o\000n\000y\000m\000s}{}% 49
\BOOKMARK [0][-]{appendix.B}{\376\377\000C\000o\000n\000t\000e\000n\000t\000s\000\040\000o\000f\000\040\000e\000n\000c\000l\000o\000s\000e\000d\000\040\000C\000D}{}% 50
