This is pdfTeX, Version 3.14159265-2.6-1.40.21 (TeX Live 2020/W32TeX) (preloaded format=pdflatex 2021.3.1)  16 APR 2021 01:01
entering extended mode
 restricted \write18 enabled.
 %&-line parsing enabled.
**DP_Fedotov_Daniil_2021.tex
(./DP_Fedotov_Daniil_2021.tex
LaTeX2e <2020-10-01> patch level 4
L3 programming layer <2021-02-18> (./FITthesis.cls
Document Class: FITthesis 2019/12/23 CTU FIT standard class for theses
(c:/texlive/2020/texmf-dist/tex/latex/memoir/memoir.cls
Document Class: memoir 2020/10/04 v3.7n configurable book, report, article docu
ment class
\onelineskip=\skip47
\lxvchars=\skip48
\xlvchars=\skip49
\@memcnta=\count179
\c@@memmarkcntra=\count180
(c:/texlive/2020/texmf-dist/tex/generic/iftex/iftex.sty
Package: iftex 2020/03/06 v1.0d TeX engine tests
)
\stockheight=\skip50
\stockwidth=\skip51
\trimtop=\skip52
\trimedge=\skip53

(c:/texlive/2020/texmf-dist/tex/latex/memoir/mem11.clo
File: mem11.clo 2008/01/30 v0.3 memoir class 11pt size option
)
\binding=\skip54
\spinemargin=\skip55
\foremargin=\skip56
\uppermargin=\skip57
\lowermargin=\skip58
\headdrop=\skip59
\normalrulethickness=\skip60
\mem@maxheadheight=\skip61
\mem@maxfootheight=\skip62
\headwidth=\skip63
\c@storedpagenumber=\count181
\memPD=\dimen138
\m@mabparskip=\skip64
\thanksmarkwidth=\skip65
\thanksmarksep=\skip66
\droptitle=\skip67
\c@book=\count182
\c@part=\count183
\c@chapter=\count184
\c@section=\count185
\c@subsection=\count186
\c@subsubsection=\count187
\c@paragraph=\count188
\c@subparagraph=\count189
\beforechapskip=\skip68
\midchapskip=\skip69
\afterchapskip=\skip70
\chapindent=\skip71
\bottomsectionskip=\skip72
\secindent=\skip73
\beforesecskip=\skip74
\aftersecskip=\skip75
\subsecindent=\skip76
\beforesubsecskip=\skip77
\aftersubsecskip=\skip78
\subsubsecindent=\skip79
\beforesubsubsecskip=\skip80
\aftersubsubsecskip=\skip81
\paraindent=\skip82
\beforeparaskip=\skip83
\afterparaskip=\skip84
\subparaindent=\skip85
\beforesubparaskip=\skip86
\aftersubparaskip=\skip87
\pfbreakskip=\skip88
\c@@ppsavesec=\count190
\c@@ppsaveapp=\count191
\ragrparindent=\dimen139
\everylistparindent=\dimen140
\parsepi=\skip89
\topsepi=\skip90
\itemsepi=\skip91
\parsepii=\skip92
\topsepii=\skip93
\topsepiii=\skip94
\itemsepii=\skip95
\itemsepiii=\skip96
\partopsepii=\skip97
\partopsepiii=\skip98
\m@msavetopsep=\skip99
\m@msavepartopsep=\skip100
\@enLab=\toks15
\abstitleskip=\skip101
\absleftindent=\skip102
\abs@leftindent=\dimen141
\absrightindent=\skip103
\absparindent=\skip104
\absparsep=\skip105
\c@vslineno=\count192
\c@poemline=\count193
\c@modulo@vs=\count194
\c@memfvsline=\count195
\vleftskip=\skip106
\vrightskip=\skip107
\stanzaskip=\skip108
\versewidth=\skip109
\vgap=\skip110
\vindent=\skip111
\vleftmargin=\dimen142
\c@verse=\count196
\c@chrsinstr=\count197
\beforepoemtitleskip=\skip112
\afterpoemtitleskip=\skip113
\c@poem=\count198
\beforePoemTitleskip=\skip114
\midPoemTitleskip=\skip115
\afterPoemTitleskip=\skip116

(c:/texlive/2020/texmf-dist/tex/latex/tools/array.sty
Package: array 2020/10/01 v2.5c Tabular extension package (FMi)
\col@sep=\dimen143
\ar@mcellbox=\box47
\extrarowheight=\dimen144
\NC@list=\toks16
\extratabsurround=\skip117
\backup@length=\skip118
\ar@cellbox=\box48
)
(c:/texlive/2020/texmf-dist/tex/latex/tools/dcolumn.sty
Package: dcolumn 2014/10/28 v1.06 decimal alignment package (DPC)
)
(c:/texlive/2020/texmf-dist/tex/latex/tools/delarray.sty
Package: delarray 2014/10/28 v1.01 array delimiter package (DPC)
)
(c:/texlive/2020/texmf-dist/tex/latex/tools/tabularx.sty
Package: tabularx 2020/01/15 v2.11c `tabularx' package (DPC)
\TX@col@width=\dimen145
\TX@old@table=\dimen146
\TX@old@col=\dimen147
\TX@target=\dimen148
\TX@delta=\dimen149
\TX@cols=\count199
\TX@ftn=\toks17
)
\heavyrulewidth=\dimen150
\lightrulewidth=\dimen151
\cmidrulewidth=\dimen152
\belowrulesep=\dimen153
\belowbottomsep=\dimen154
\aboverulesep=\dimen155
\abovetopsep=\dimen156
\cmidrulesep=\dimen157
\cmidrulekern=\dimen158
\defaultaddspace=\dimen159
\@cmidla=\count266
\@cmidlb=\count267
\@aboverulesep=\dimen160
\@belowrulesep=\dimen161
\@thisruleclass=\count268
\@lastruleclass=\count269
\@thisrulewidth=\dimen162
\ctableftskip=\skip119
\ctabrightskip=\skip120
\abovecolumnspenalty=\count270
\@linestogo=\count271
\@cellstogo=\count272
\@cellsincolumn=\count273
\crtok=\toks18
\@mincolumnwidth=\dimen163
\c@newflo@tctr=\count274
\mem@margin@floatbox=\box49
\@contcwidth=\skip121
\@contindw=\skip122
\abovecaptionskip=\skip123
\belowcaptionskip=\skip124
\subfloattopskip=\skip125
\subfloatcapskip=\skip126
\subfloatcaptopadj=\skip127
\subfloatbottomskip=\skip128
\subfloatlabelskip=\skip129
\subfloatcapmargin=\dimen164
\c@@contsubnum=\count275
\m@mscap@capbox=\box50
\m@mscap@fbox=\box51
\sidecapsep=\dimen165
\sidecapwidth=\dimen166
\m@m@tempdima=\dimen167
\m@mscapraise=\dimen168
\sidecapraise=\dimen169
\m@mscapmainwidth=\dimen170
\m@mscaplkern=\dimen171
\beforeepigraphskip=\skip130
\afterepigraphskip=\skip131
\epigraphwidth=\skip132
\epigraphrule=\skip133
LaTeX Info: Redefining \em on input line 7678.
LaTeX Info: Redefining \emph on input line 7686.
\tocentryskip=\skip134
\tocbaseline=\skip135
\cftparskip=\skip136
\cftbeforebookskip=\skip137
\cftbookindent=\dimen172
\cftbooknumwidth=\dimen173
\cftbeforepartskip=\skip138
\cftpartindent=\skip139
\cftpartnumwidth=\skip140
\cftbeforechapterskip=\skip141
\cftchapterindent=\skip142
\cftchapternumwidth=\skip143
\cftbeforesectionskip=\skip144
\cftsectionindent=\skip145
\cftsectionnumwidth=\skip146
\cftbeforesubsectionskip=\skip147
\cftsubsectionindent=\skip148
\cftsubsectionnumwidth=\skip149
\cftbeforesubsubsectionskip=\skip150
\cftsubsubsectionindent=\skip151
\cftsubsubsectionnumwidth=\skip152
\cftbeforeparagraphskip=\skip153
\cftparagraphindent=\skip154
\cftparagraphnumwidth=\skip155
\cftbeforesubparagraphskip=\skip156
\cftsubparagraphindent=\skip157
\cftsubparagraphnumwidth=\skip158
\prechapterprecisshift=\dimen174
\c@maxsecnumdepth=\count276
\bibindent=\dimen175
\bibitemsep=\skip159
\indexcolsep=\skip160
\indexrule=\skip161
\indexmarkstyle=\toks19
\@indexbox=\insert252
\glossarycolsep=\dimen176
\glossaryrule=\dimen177
\sideparvshift=\skip162
\sideins=\insert251
\sidebartopsep=\skip163
\sidebarhsep=\skip164
\sidebarvsep=\skip165
\sidebarwidth=\skip166
\footmarkwidth=\skip167
\footmarksep=\skip168
\footparindent=\skip169
\footinsdim=\skip170
\footinsv@r=\insert250
\@mpfootinsv@r=\insert249
\m@m@k=\count277
\m@m@h=\dimen178
\m@mipn@skip=\skip171
\sidefootins=\insert248
\sidefootadjust=\skip172
\sidefootheight=\skip173
\sidefoothsep=\skip174
\sidefootvsep=\skip175
\sidefootwidth=\skip176
\m@mdownsf=\skip177
\c@sidefootnote=\count278
\sidefootmarkwidth=\skip178
\sidefootmarksep=\skip179
\sidefootparindent=\skip180
\c@pagenote=\count279
\c@pagenoteshadow=\count280
\mem@pn@lastkern=\skip181
\every@verbatim=\toks20
\afterevery@verbatim=\toks21
\verbatim@line=\toks22
\tab@position=\count281
\verbatim@in@stream=\read2
\verbatimindent=\skip182
\verbatim@out=\write3
\bvboxsep=\skip183
\c@memfbvline=\count282
\c@bvlinectr=\count283
\bvnumlength=\skip184
\fb@frw=\dimen179
\fb@frh=\dimen180
\FrameRule=\dimen181
\FrameSep=\dimen182
\c@cp@cntr=\count284
\c@ism@mctr=\count285
\c@xsm@mctr=\count286
\c@csm@mctr=\count287
\c@ksm@mctr=\count288
\c@xksm@mctr=\count289
\c@cksm@mctr=\count290
\c@msm@mctr=\count291
\c@xmsm@mctr=\count292
\c@cmsm@mctr=\count293
\c@bsm@mctr=\count294
\c@workm@mctr=\count295
\c@sheetsequence=\count296
\c@lastsheet=\count297
\c@lastpage=\count298

(c:/texlive/2020/texmf-dist/tex/latex/textcase/textcase.sty
Package: textcase 2019/09/14 v1.00 Text only upper/lower case changing (DPC)
)
\c@figure=\count299
\c@lofdepth=\count300
\cftbeforefigureskip=\skip185
\cftfigureindent=\skip186
\cftfigurenumwidth=\skip187
\c@table=\count301
\c@lotdepth=\count302
\cftbeforetableskip=\skip188
\cfttableindent=\skip189
\cfttablenumwidth=\skip190
Package abstract [2008/07/23] emulated by memoir.
Package appendix [2008/07/23] emulated by memoir.
Package booktabs [2016/05/16] emulated by memoir.
Package ccaption [2008/07/23] emulated by memoir.
Package changepage [2008/07/23] emulated by memoir.
Package chngcntr [2008/07/23] emulated by memoir.
Package chngpage [2008/07/23] emulated by memoir.
Package crop emulated by memoir.
Package enumerate [2008/07/23] emulated by memoir.
Package epigraph [2008/07/23] emulated by memoir.
Package ifmtarg [2008/07/23] emulated by memoir.
Package index [2008/07/23] emulated by memoir.
Package makeidx [2008/07/23] emulated by memoir.
Package moreverb [2008/07/23] emulated by memoir.
Package mparhack [2008/07/23] emulated by memoir.
Package needspace [2008/07/23] emulated by memoir.
Package newfile [2008/07/23] emulated by memoir.
Package nextpage [2008/07/23] emulated by memoir.
Package pagenote [2008/07/23] emulated by memoir.
Package parskip [2008/07/23] emulated by memoir.
Package patchcmd [2008/07/23] emulated by memoir.
Package setspace [2008/07/23] emulated by memoir.
Package shortvrb [2008/07/23] emulated by memoir.
Package showidx [2008/07/23] emulated by memoir.
Package titleref [2008/07/23] emulated by memoir.
Package titling [2008/07/23] emulated by memoir.
Package tocbibind [2008/07/23] emulated by memoir.
Package tocloft [2008/07/23] emulated by memoir.
Package tocvsec2 [2008/07/23] emulated by memoir.
Package verbatim [2008/07/23] emulated by memoir.
Package verse [2008/07/23] emulated by memoir.
)
(c:/texlive/2020/texmf-dist/tex/generic/babel/babel.sty
Package: babel 2021/02/22 3.54 The Babel package

(c:/texlive/2020/texmf-dist/tex/generic/babel/babel.def
File: babel.def 2021/02/22 3.54 Babel common definitions
\babel@savecnt=\count303
\U@D=\dimen183
\l@babelnohyphens=\language86

(c:/texlive/2020/texmf-dist/tex/generic/babel/txtbabel.def)
\bbl@readstream=\read3
)
\bbl@dirlevel=\count304

(c:/texlive/2020/texmf-dist/tex/generic/babel-czech/czech.ldf
Language: czech 2008/07/06 v3.1a Czech support from the babel system
Package babel Info: Making " an active character on input line 172.
\cs@wordlen=\count305
Package babel Info: Making - an active character on input line 226.
)
(c:/texlive/2020/texmf-dist/tex/generic/babel-english/english.ldf
Language: english 2017/06/06 v3.3r English support from the babel system
Package babel Info: \l@canadian = using hyphenrules for english
(babel)             (\language0) on input line 102.
Package babel Info: \l@australian = using hyphenrules for ukenglish
(babel)             (\language21) on input line 105.
Package babel Info: \l@newzealand = using hyphenrules for ukenglish
(babel)             (\language21) on input line 108.
)
(c:/texlive/2020/texmf-dist/tex/generic/babel-english/english.ldf
Language: english 2017/06/06 v3.3r English support from the babel system
))
(c:/texlive/2020/texmf-dist/tex/latex/pdfpages/pdfpages.sty
Package: pdfpages 2021/02/05 v0.5s Insert pages of external PDF documents (AM)

(c:/texlive/2020/texmf-dist/tex/latex/base/ifthen.sty
Package: ifthen 2014/09/29 v1.1c Standard LaTeX ifthen package (DPC)
)
(c:/texlive/2020/texmf-dist/tex/latex/tools/calc.sty
Package: calc 2017/05/25 v4.3 Infix arithmetic (KKT,FJ)
\calc@Acount=\count306
\calc@Bcount=\count307
\calc@Adimen=\dimen184
\calc@Bdimen=\dimen185
\calc@Askip=\skip191
\calc@Bskip=\skip192
LaTeX Info: Redefining \setlength on input line 80.
LaTeX Info: Redefining \addtolength on input line 81.
\calc@Ccount=\count308
\calc@Cskip=\skip193
)
(c:/texlive/2020/texmf-dist/tex/latex/eso-pic/eso-pic.sty
Package: eso-pic 2020/10/14 v3.0a eso-pic (RN)
\ESO@tempdima=\dimen186
\ESO@tempdimb=\dimen187

(c:/texlive/2020/texmf-dist/tex/latex/graphics/keyval.sty
Package: keyval 2014/10/28 v1.15 key=value parser (DPC)
\KV@toks@=\toks23
)
(c:/texlive/2020/texmf-dist/tex/latex/xcolor/xcolor.sty
Package: xcolor 2016/05/11 v2.12 LaTeX color extensions (UK)

(c:/texlive/2020/texmf-dist/tex/latex/graphics-cfg/color.cfg
File: color.cfg 2016/01/02 v1.6 sample color configuration
)
Package xcolor Info: Driver file: pdftex.def on input line 225.

(c:/texlive/2020/texmf-dist/tex/latex/graphics-def/pdftex.def
File: pdftex.def 2020/10/05 v1.2a Graphics/color driver for pdftex
)
Package xcolor Info: Model `cmy' substituted by `cmy0' on input line 1348.
Package xcolor Info: Model `hsb' substituted by `rgb' on input line 1352.
Package xcolor Info: Model `RGB' extended on input line 1364.
Package xcolor Info: Model `HTML' substituted by `rgb' on input line 1366.
Package xcolor Info: Model `Hsb' substituted by `hsb' on input line 1367.
Package xcolor Info: Model `tHsb' substituted by `hsb' on input line 1368.
Package xcolor Info: Model `HSB' substituted by `hsb' on input line 1369.
Package xcolor Info: Model `Gray' substituted by `gray' on input line 1370.
Package xcolor Info: Model `wave' substituted by `hsb' on input line 1371.
))
(c:/texlive/2020/texmf-dist/tex/latex/graphics/graphicx.sty
Package: graphicx 2020/09/09 v1.2b Enhanced LaTeX Graphics (DPC,SPQR)

(c:/texlive/2020/texmf-dist/tex/latex/graphics/graphics.sty
Package: graphics 2020/08/30 v1.4c Standard LaTeX Graphics (DPC,SPQR)

(c:/texlive/2020/texmf-dist/tex/latex/graphics/trig.sty
Package: trig 2016/01/03 v1.10 sin cos tan (DPC)
)
(c:/texlive/2020/texmf-dist/tex/latex/graphics-cfg/graphics.cfg
File: graphics.cfg 2016/06/04 v1.11 sample graphics configuration
)
Package graphics Info: Driver file: pdftex.def on input line 105.
)
\Gin@req@height=\dimen188
\Gin@req@width=\dimen189
)
\AM@pagewidth=\dimen190
\AM@pageheight=\dimen191
\AM@fboxrule=\dimen192

(c:/texlive/2020/texmf-dist/tex/latex/pdfpages/pppdftex.def
File: pppdftex.def 2021/02/05 v0.5s Pdfpages driver for pdfTeX (AM)
)
\pdfpages@includegraphics@status=\count309
\AM@pagebox=\box52
\AM@global@opts=\toks24
\AM@pagecnt=\count310
\AM@toc@title=\toks25
\c@AM@survey=\count311
\AM@templatesizebox=\box53
)
(c:/texlive/2020/texmf-dist/tex/latex/hyperref/hyperref.sty
Package: hyperref 2021-02-10 v7.00j Hypertext links for LaTeX

(c:/texlive/2020/texmf-dist/tex/generic/ltxcmds/ltxcmds.sty
Package: ltxcmds 2020-05-10 v1.25 LaTeX kernel commands for general use (HO)
)
(c:/texlive/2020/texmf-dist/tex/generic/pdftexcmds/pdftexcmds.sty
Package: pdftexcmds 2020-06-27 v0.33 Utility functions of pdfTeX for LuaTeX (HO
)

(c:/texlive/2020/texmf-dist/tex/generic/infwarerr/infwarerr.sty
Package: infwarerr 2019/12/03 v1.5 Providing info/warning/error messages (HO)
)
Package pdftexcmds Info: \pdf@primitive is available.
Package pdftexcmds Info: \pdf@ifprimitive is available.
Package pdftexcmds Info: \pdfdraftmode found.
)
(c:/texlive/2020/texmf-dist/tex/generic/kvsetkeys/kvsetkeys.sty
Package: kvsetkeys 2019/12/15 v1.18 Key value parser (HO)
)
(c:/texlive/2020/texmf-dist/tex/generic/kvdefinekeys/kvdefinekeys.sty
Package: kvdefinekeys 2019-12-19 v1.6 Define keys (HO)
)
(c:/texlive/2020/texmf-dist/tex/generic/pdfescape/pdfescape.sty
Package: pdfescape 2019/12/09 v1.15 Implements pdfTeX's escape features (HO)
)
(c:/texlive/2020/texmf-dist/tex/latex/hycolor/hycolor.sty
Package: hycolor 2020-01-27 v1.10 Color options for hyperref/bookmark (HO)
)
(c:/texlive/2020/texmf-dist/tex/latex/letltxmacro/letltxmacro.sty
Package: letltxmacro 2019/12/03 v1.6 Let assignment for LaTeX macros (HO)
)
(c:/texlive/2020/texmf-dist/tex/latex/auxhook/auxhook.sty
Package: auxhook 2019-12-17 v1.6 Hooks for auxiliary files (HO)
)
(c:/texlive/2020/texmf-dist/tex/latex/kvoptions/kvoptions.sty
Package: kvoptions 2020-10-07 v3.14 Key value format for package options (HO)
)
\@linkdim=\dimen193
\Hy@linkcounter=\count312
\Hy@pagecounter=\count313

(c:/texlive/2020/texmf-dist/tex/latex/hyperref/pd1enc.def
File: pd1enc.def 2021-02-10 v7.00j Hyperref: PDFDocEncoding definition (HO)
Now handling font encoding PD1 ...
... no UTF-8 mapping file for font encoding PD1
)
(c:/texlive/2020/texmf-dist/tex/latex/hyperref/hyperref-langpatches.def
File: hyperref-langpatches.def 2021-02-10 v7.00j Hyperref: patches for babel la
nguages
)
(c:/texlive/2020/texmf-dist/tex/generic/intcalc/intcalc.sty
Package: intcalc 2019/12/15 v1.3 Expandable calculations with integers (HO)
)
(c:/texlive/2020/texmf-dist/tex/generic/etexcmds/etexcmds.sty
Package: etexcmds 2019/12/15 v1.7 Avoid name clashes with e-TeX commands (HO)
)
\Hy@SavedSpaceFactor=\count314

(c:/texlive/2020/texmf-dist/tex/latex/hyperref/puenc.def
File: puenc.def 2021-02-10 v7.00j Hyperref: PDF Unicode definition (HO)
Now handling font encoding PU ...
... no UTF-8 mapping file for font encoding PU
)
Package hyperref Info: Option `unicode' set `true' on input line 4073.
Package hyperref Info: Option `pdfusetitle' set `true' on input line 4073.
Package hyperref Info: Hyper figures OFF on input line 4192.
Package hyperref Info: Link nesting OFF on input line 4197.
Package hyperref Info: Hyper index ON on input line 4200.
Package hyperref Info: Plain pages OFF on input line 4207.
Package hyperref Info: Backreferencing OFF on input line 4212.
Package hyperref Info: Implicit mode ON; LaTeX internals redefined.
Package hyperref Info: Bookmarks ON on input line 4445.
\c@Hy@tempcnt=\count315

(c:/texlive/2020/texmf-dist/tex/latex/url/url.sty
\Urlmuskip=\muskip16
Package: url 2013/09/16  ver 3.4  Verb mode for urls, etc.
)
LaTeX Info: Redefining \url on input line 4804.
\XeTeXLinkMargin=\dimen194

(c:/texlive/2020/texmf-dist/tex/generic/bitset/bitset.sty
Package: bitset 2019/12/09 v1.3 Handle bit-vector datatype (HO)

(c:/texlive/2020/texmf-dist/tex/generic/bigintcalc/bigintcalc.sty
Package: bigintcalc 2019/12/15 v1.5 Expandable calculations on big integers (HO
)
))
\Fld@menulength=\count316
\Field@Width=\dimen195
\Fld@charsize=\dimen196
Package hyperref Info: Hyper figures OFF on input line 6075.
Package hyperref Info: Link nesting OFF on input line 6080.
Package hyperref Info: Hyper index ON on input line 6083.
Package hyperref Info: backreferencing OFF on input line 6090.
Package hyperref Info: Link coloring OFF on input line 6095.
Package hyperref Info: Link coloring with OCG OFF on input line 6100.
Package hyperref Info: PDF/A mode OFF on input line 6105.
LaTeX Info: Redefining \ref on input line 6145.
LaTeX Info: Redefining \pageref on input line 6149.

(c:/texlive/2020/texmf-dist/tex/latex/base/atbegshi-ltx.sty
Package: atbegshi-ltx 2020/08/17 v1.0a Emulation of the original atbegshi packa
ge
with kernel methods
)
\Hy@abspage=\count317
\c@Item=\count318
\c@Hfootnote=\count319
)
(c:/texlive/2020/texmf-dist/tex/latex/memoir/memhfixc.sty
Package: memhfixc 2019/10/24 v1.18 nameref/hyperref package fixes for memoir cl
ass
\c@memhycontfloat=\count320
\c@Hpagenote=\count321
)
Package hyperref Info: Driver (autodetected): hpdftex.

(c:/texlive/2020/texmf-dist/tex/latex/hyperref/hpdftex.def
File: hpdftex.def 2021-02-10 v7.00j Hyperref driver for pdfTeX

(c:/texlive/2020/texmf-dist/tex/latex/base/atveryend-ltx.sty
Package: atveryend-ltx 2020/08/19 v1.0a Emulation of the original atvery packag
e
with kernel methods
)
\Fld@listcount=\count322
\c@bookmark@seq@number=\count323

(c:/texlive/2020/texmf-dist/tex/latex/rerunfilecheck/rerunfilecheck.sty
Package: rerunfilecheck 2019/12/05 v1.9 Rerun checks for auxiliary files (HO)

(c:/texlive/2020/texmf-dist/tex/generic/uniquecounter/uniquecounter.sty
Package: uniquecounter 2019/12/15 v1.4 Provide unlimited unique counter (HO)
)
Package uniquecounter Info: New unique counter `rerunfilecheck' on input line 2
86.
)
\Hy@SectionHShift=\skip194
)
(c:/texlive/2020/texmf-dist/tex/latex/ellipsis/ellipsis.sty
Package: ellipsis 2020/05/22 v1.8 fixes spacing around ellipses (three dots)

(c:/texlive/2020/texmf-dist/tex/latex/tools/xspace.sty
Package: xspace 2014/10/28 v1.13 Space after command names (DPC,MH)
)
LaTeX Info: Redefining \textellipsis on input line 77.
)
(c:/texlive/2020/texmf-dist/tex/latex/lm/lmodern.sty
Package: lmodern 2009/10/30 v1.6 Latin Modern Fonts
LaTeX Font Info:    Overwriting symbol font `operators' in version `normal'
(Font)                  OT1/cmr/m/n --> OT1/lmr/m/n on input line 22.
LaTeX Font Info:    Overwriting symbol font `letters' in version `normal'
(Font)                  OML/cmm/m/it --> OML/lmm/m/it on input line 23.
LaTeX Font Info:    Overwriting symbol font `symbols' in version `normal'
(Font)                  OMS/cmsy/m/n --> OMS/lmsy/m/n on input line 24.
LaTeX Font Info:    Overwriting symbol font `largesymbols' in version `normal'
(Font)                  OMX/cmex/m/n --> OMX/lmex/m/n on input line 25.
LaTeX Font Info:    Overwriting symbol font `operators' in version `bold'
(Font)                  OT1/cmr/bx/n --> OT1/lmr/bx/n on input line 26.
LaTeX Font Info:    Overwriting symbol font `letters' in version `bold'
(Font)                  OML/cmm/b/it --> OML/lmm/b/it on input line 27.
LaTeX Font Info:    Overwriting symbol font `symbols' in version `bold'
(Font)                  OMS/cmsy/b/n --> OMS/lmsy/b/n on input line 28.
LaTeX Font Info:    Overwriting symbol font `largesymbols' in version `bold'
(Font)                  OMX/cmex/m/n --> OMX/lmex/m/n on input line 29.
LaTeX Font Info:    Overwriting math alphabet `\mathbf' in version `normal'
(Font)                  OT1/cmr/bx/n --> OT1/lmr/bx/n on input line 31.
LaTeX Font Info:    Overwriting math alphabet `\mathsf' in version `normal'
(Font)                  OT1/cmss/m/n --> OT1/lmss/m/n on input line 32.
LaTeX Font Info:    Overwriting math alphabet `\mathit' in version `normal'
(Font)                  OT1/cmr/m/it --> OT1/lmr/m/it on input line 33.
LaTeX Font Info:    Overwriting math alphabet `\mathtt' in version `normal'
(Font)                  OT1/cmtt/m/n --> OT1/lmtt/m/n on input line 34.
LaTeX Font Info:    Overwriting math alphabet `\mathbf' in version `bold'
(Font)                  OT1/cmr/bx/n --> OT1/lmr/bx/n on input line 35.
LaTeX Font Info:    Overwriting math alphabet `\mathsf' in version `bold'
(Font)                  OT1/cmss/bx/n --> OT1/lmss/bx/n on input line 36.
LaTeX Font Info:    Overwriting math alphabet `\mathit' in version `bold'
(Font)                  OT1/cmr/bx/it --> OT1/lmr/bx/it on input line 37.
LaTeX Font Info:    Overwriting math alphabet `\mathtt' in version `bold'
(Font)                  OT1/cmtt/m/n --> OT1/lmtt/m/n on input line 38.
)
(c:/texlive/2020/texmf-dist/tex/latex/etoolbox/etoolbox.sty
Package: etoolbox 2020/10/05 v2.5k e-TeX tools for LaTeX (JAW)
\etb@tempcnta=\count324
)

******************************************************
Stock height and width: 845.04684pt by 597.50787pt
Top and edge trims: 0pt and 0pt
Page height and width: 845.04684pt by 597.50787pt
Text height and width: 595.80026pt by 369pt
Spine and edge margins: 113.81102pt and 114.69685pt
Upper and lower margins: 126.74379pt and 122.50279pt
Headheight and headsep: 13.6pt and 19.8738pt
Footskip: 27.46295pt
Columnsep and columnseprule: 10pt and 0pt
Marginparsep and marginparwidth: 7pt and 100.69685pt
Sidecapsep and sidecapwidth: 7pt and 101pt
Sidebarhsep and sidebarwidth: 7pt and 101pt
Sidebarvsep and sidebartopsep: 13.6pt and 0pt
Sidebarheight: 594.32022pt
Sidefoothsep and sidefootwidth: 7pt and 101pt
Sidefootvsep and sidefootheight: 13.6pt and 594.32022pt
******************************************************

) (c:/texlive/2020/texmf-dist/tex/generic/dirtree/dirtree.sty
Package: dirtree 2012/12/11 v0.32 package wrapper for dirtree

(c:/texlive/2020/texmf-dist/tex/generic/dirtree/dirtree.tex
`dirtree' v0.32, 2012/12/11 (jcc)
\DT@offset=\dimen197
\DT@width=\dimen198
\DT@sep=\dimen199
\DT@all=\dimen256
\DT@rulewidth=\dimen257
\DT@dotwidth=\dimen258
\DTbaselineskip=\dimen259
\DT@counti=\count325
\DT@countii=\count326
\DT@countiii=\count327
\DT@countiv=\count328
\DT@indent=\dimen260
\DT@parskip=\dimen261
\DT@baselineskip=\dimen262
)
File: dirtree.tex 2012/12/11 v0.32 `dirtree' (jcc)
)
(c:/texlive/2020/texmf-dist/tex/latex/was/gensymb.sty
Package: gensymb 2003/07/02 v1.0 (WaS)
)
LaTeX Font Info:    Trying to load font information for OT1+lmr on input line 6
8.

(c:/texlive/2020/texmf-dist/tex/latex/lm/ot1lmr.fd
File: ot1lmr.fd 2009/10/30 v1.6 Font defs for Latin Modern
)
(c:/texlive/2020/texmf-dist/tex/latex/l3backend/l3backend-pdftex.def
File: l3backend-pdftex.def 2021-02-18 L3 backend support: PDF output (pdfTeX)
\l__color_backend_stack_int=\count329
\l__pdf_internal_box=\box54
)
(./DP_Fedotov_Daniil_2021.aux)
\openout1 = `DP_Fedotov_Daniil_2021.aux'.

LaTeX Font Info:    Checking defaults for OML/cmm/m/it on input line 68.
LaTeX Font Info:    ... okay on input line 68.
LaTeX Font Info:    Checking defaults for OMS/cmsy/m/n on input line 68.
LaTeX Font Info:    ... okay on input line 68.
LaTeX Font Info:    Checking defaults for OT1/cmr/m/n on input line 68.
LaTeX Font Info:    ... okay on input line 68.
LaTeX Font Info:    Checking defaults for T1/cmr/m/n on input line 68.
LaTeX Font Info:    ... okay on input line 68.
LaTeX Font Info:    Checking defaults for TS1/cmr/m/n on input line 68.
LaTeX Font Info:    ... okay on input line 68.
LaTeX Font Info:    Checking defaults for OMX/cmex/m/n on input line 68.
LaTeX Font Info:    ... okay on input line 68.
LaTeX Font Info:    Checking defaults for U/cmr/m/n on input line 68.
LaTeX Font Info:    ... okay on input line 68.
LaTeX Font Info:    Checking defaults for PD1/pdf/m/n on input line 68.
LaTeX Font Info:    ... okay on input line 68.
LaTeX Font Info:    Checking defaults for PU/pdf/m/n on input line 68.
LaTeX Font Info:    ... okay on input line 68.

(c:/texlive/2020/texmf-dist/tex/context/base/mkii/supp-pdf.mkii
[Loading MPS to PDF converter (version 2006.09.02).]
\scratchcounter=\count330
\scratchdimen=\dimen263
\scratchbox=\box55
\nofMPsegments=\count331
\nofMParguments=\count332
\everyMPshowfont=\toks26
\MPscratchCnt=\count333
\MPscratchDim=\dimen264
\MPnumerator=\count334
\makeMPintoPDFobject=\count335
\everyMPtoPDFconversion=\toks27
) (c:/texlive/2020/texmf-dist/tex/latex/epstopdf-pkg/epstopdf-base.sty
Package: epstopdf-base 2020-01-24 v2.11 Base part for package epstopdf
Package epstopdf-base Info: Redefining graphics rule for `.eps' on input line 4
85.

(c:/texlive/2020/texmf-dist/tex/latex/latexconfig/epstopdf-sys.cfg
File: epstopdf-sys.cfg 2010/07/13 v1.3 Configuration of (r)epstopdf for TeX Liv
e
))
(c:/texlive/2020/texmf-dist/tex/latex/pdflscape/pdflscape.sty
Package: pdflscape 2019/12/05 v0.12 Display of landscape pages in PDF (HO)

(c:/texlive/2020/texmf-dist/tex/latex/graphics/lscape.sty
Package: lscape 2020/05/28 v3.02 Landscape Pages (DPC)
)
Package pdflscape Info: Auto-detected driver: pdftex on input line 81.
)
Package hyperref Info: Link coloring OFF on input line 68.

(c:/texlive/2020/texmf-dist/tex/latex/hyperref/nameref.sty
Package: nameref 2021-04-02 v2.47 Cross-referencing by name of section

(c:/texlive/2020/texmf-dist/tex/latex/refcount/refcount.sty
Package: refcount 2019/12/15 v3.6 Data extraction from label references (HO)
)
(c:/texlive/2020/texmf-dist/tex/generic/gettitlestring/gettitlestring.sty
Package: gettitlestring 2019/12/15 v1.6 Cleanup title references (HO)
)
\c@section@level=\count336
)
Redoing nameref's sectioning
Redoing nameref's label
LaTeX Info: Redefining \nameref on input line 68.
LaTeX Info: Redefining \ref on input line 68.
LaTeX Info: Redefining \pageref on input line 68.
LaTeX Info: Redefining \nameref on input line 68.
(./DP_Fedotov_Daniil_2021.out) (./DP_Fedotov_Daniil_2021.out)
\@outlinefile=\write4
\openout4 = `DP_Fedotov_Daniil_2021.out'.

LaTeX Info: Redefining \dots on input line 68.
LaTeX Info: Redefining \celsius on input line 68.
Package gensymb Info: Faking symbols for \degree and \celsius on input line 68.



Package gensymb Warning: Not defining \perthousand.

LaTeX Info: Redefining \ohm on input line 68.
Package gensymb Info: Using \Omega for \ohm on input line 68.

Package gensymb Warning: Not defining \micro.



pdfTeX warning: pdflatex.exe (file ./assignment/assignment.pdf): PDF inclusion:
 found PDF version <1.7>, but at most version <1.5> allowed
<assignment/assignment.pdf, id=205, 597.55246pt x 845.07724pt>
File: assignment/assignment.pdf Graphic file (type pdf)
<use assignment/assignment.pdf>
Package pdftex.def Info: assignment/assignment.pdf  used on input line 68.
(pdftex.def)             Requested size: 597.551pt x 845.07518pt.


pdfTeX warning: pdflatex.exe (file ./assignment/assignment.pdf): PDF inclusion:
 found PDF version <1.7>, but at most version <1.5> allowed
File: assignment/assignment.pdf Graphic file (type pdf)
<use assignment/assignment.pdf>
Package pdftex.def Info: assignment/assignment.pdf  used on input line 68.
(pdftex.def)             Requested size: 597.551pt x 845.07518pt.


pdfTeX warning: pdflatex.exe (file ./assignment/assignment.pdf): PDF inclusion:
 found PDF version <1.7>, but at most version <1.5> allowed


pdfTeX warning: pdflatex.exe (file ./assignment/assignment.pdf): PDF inclusion:
 found PDF version <1.7>, but at most version <1.5> allowed
<assignment/assignment.pdf, id=208, page=1, 597.55246pt x 845.07724pt>
File: assignment/assignment.pdf Graphic file (type pdf)
<use assignment/assignment.pdf, page 1>
Package pdftex.def Info: assignment/assignment.pdf , page1 used on input line 6
8.
(pdftex.def)             Requested size: 597.551pt x 845.07518pt.
File: assignment/assignment.pdf Graphic file (type pdf)
<use assignment/assignment.pdf, page 1>
Package pdftex.def Info: assignment/assignment.pdf , page1 used on input line 6
8.
(pdftex.def)             Requested size: 597.57834pt x 845.11386pt.
File: assignment/assignment.pdf Graphic file (type pdf)
<use assignment/assignment.pdf, page 1>
Package pdftex.def Info: assignment/assignment.pdf , page1 used on input line 6
8.
(pdftex.def)             Requested size: 597.57834pt x 845.11386pt.
File: assignment/assignment.pdf Graphic file (type pdf)
<use assignment/assignment.pdf, page 1>
Package pdftex.def Info: assignment/assignment.pdf , page1 used on input line 6
8.
(pdftex.def)             Requested size: 597.57834pt x 845.11386pt.
File: assignment/assignment.pdf Graphic file (type pdf)
<use assignment/assignment.pdf, page 1>
Package pdftex.def Info: assignment/assignment.pdf , page1 used on input line 6
8.
(pdftex.def)             Requested size: 597.57834pt x 845.11386pt.
[1

 <./assignment/assignment.pdf>] [2

]
<cvut-logo-bw-en.pdf, id=220, 591.64943pt x 193.23091pt>
File: cvut-logo-bw-en.pdf Graphic file (type pdf)
<use cvut-logo-bw-en.pdf>
Package pdftex.def Info: cvut-logo-bw-en.pdf  used on input line 68.
(pdftex.def)             Requested size: 184.5pt x 60.25772pt.
 [1

{c:/texlive/2020/texmf-var/fonts/map/pdftex/updmap/pdftex.map} <./cvut-logo-bw-
en.pdf>] [2

]

LaTeX Font Warning: Font shape `OT1/lmr/bx/sc' undefined
(Font)              using `OT1/lmr/bx/n' instead on input line 68.

LaTeX Font Info:    Trying to load font information for OT1+lmss on input line 
68.
(c:/texlive/2020/texmf-dist/tex/latex/lm/ot1lmss.fd
File: ot1lmss.fd 2009/10/30 v1.6 Font defs for Latin Modern
)

LaTeX Font Warning: Font shape `OT1/lmss/bx/sc' undefined
(Font)              using `OT1/lmss/bx/n' instead on input line 68.

[3

] [4

] [5]
LaTeX Font Info:    Trying to load font information for TS1+lmr on input line 6
8.
 (c:/texlive/2020/texmf-dist/tex/latex/lm/ts1lmr.fd
File: ts1lmr.fd 2009/10/30 v1.6 Font defs for Latin Modern
) [6

]
Overfull \hbox (13.97672pt too wide) in paragraph at lines 68--68
\OT1/lmr/m/n/10.95 log^^Wu. Anal^^Syza ta-kov^^Sych log^^Wu pom^^Sah^^Sa po-cho
-pit sou^^Tcasn^^Sy stav syst^^Semu -- nap^^Tr^^S^^Pklad,
 []


Overfull \hbox (2.09213pt too wide) in paragraph at lines 68--68
[]\OT1/lmr/bx/n/10.95 Kl[]^^P[]cov[]a slova \OT1/lmr/m/n/10.95 Anal^^Syza Log^^
Wu, Zpra-cov^^San^^S^^P Log^^Wu, Lo-gov^^Sa Data, Syst^^Semy Zpra-
 []


Underfull \hbox (badness 10000) in paragraph at lines 68--68

 []


Underfull \hbox (badness 10000) in paragraph at lines 68--68

 []


Underfull \hbox (badness 10000) in paragraph at lines 68--68

 []

[7

] [8] (./DP_Fedotov_Daniil_2021.toc
LaTeX Font Info:    Trying to load font information for OML+lmm on input line 8
.

(c:/texlive/2020/texmf-dist/tex/latex/lm/omllmm.fd
File: omllmm.fd 2009/10/30 v1.6 Font defs for Latin Modern
)
LaTeX Font Info:    Trying to load font information for OMS+lmsy on input line 
8.

(c:/texlive/2020/texmf-dist/tex/latex/lm/omslmsy.fd
File: omslmsy.fd 2009/10/30 v1.6 Font defs for Latin Modern
)
LaTeX Font Info:    Trying to load font information for OMX+lmex on input line 
8.

(c:/texlive/2020/texmf-dist/tex/latex/lm/omxlmex.fd
File: omxlmex.fd 2009/10/30 v1.6 Font defs for Latin Modern
)
LaTeX Font Info:    External font `lmex10' loaded for size
(Font)              <10.95> on input line 8.
LaTeX Font Info:    External font `lmex10' loaded for size
(Font)              <8> on input line 8.
LaTeX Font Info:    External font `lmex10' loaded for size
(Font)              <6> on input line 8.
 [9

]) [10]
(./DP_Fedotov_Daniil_2021.lof) [11

] [12

] (./DP_Fedotov_Daniil_2021.lot)
[13] [14

]pdfTeX warning (ext4): destination with the same identifier (name{page.1}) has
 been already used, duplicate ignored
<to be read again> 
                   \relax 
l.90 	\item A
             nalyze the acquired information to determine if there is a corr...
[1

]pdfTeX warning (ext4): destination with the same identifier (name{page.2}) has
 been already used, duplicate ignored
<to be read again> 
                   \relax 
l.100 \chapter
              {Basic concepts of Log Analysis} [2] [3

] [4] [5

] [6

]
Overfull \hbox (23.60986pt too wide) detected at line 139
\OML/lmm/m/it/10.95 < Timestamp >< Severity >< Subsystem >< MessageID >< Messag
eText >
 []

[7]
LaTeX Font Info:    External font `lmex10' loaded for size
(Font)              <9> on input line 170.
LaTeX Font Info:    External font `lmex10' loaded for size
(Font)              <5> on input line 170.
<./imgs//wls-logging.png, id=438, 386.04225pt x 229.45724pt>
File: ./imgs//wls-logging.png Graphic file (type png)
<use ./imgs//wls-logging.png>
Package pdftex.def Info: ./imgs//wls-logging.png  used on input line 173.
(pdftex.def)             Requested size: 308.83421pt x 183.56602pt.
 [8] [9 <./imgs//wls-logging.png>] [10] [11

]
<./imgs//nlp_workflow.png, id=483, 823.075pt x 111.41624pt>
File: ./imgs//nlp_workflow.png Graphic file (type png)
<use ./imgs//nlp_workflow.png>
Package pdftex.def Info: ./imgs//nlp_workflow.png  used on input line 244.
(pdftex.def)             Requested size: 329.22417pt x 44.5657pt.
 [12 <./imgs//nlp_workflow.png>] [13]
Underfull \vbox (badness 2478) has occurred while \output is active []

 [14]
<./imgs//term-frequency.png, id=516, 296.307pt x 127.4361pt>
File: ./imgs//term-frequency.png Graphic file (type png)
<use ./imgs//term-frequency.png>
Package pdftex.def Info: ./imgs//term-frequency.png  used on input line 279.
(pdftex.def)             Requested size: 237.04591pt x 101.949pt.
<./imgs//one-hot.png, id=519, 296.307pt x 127.4361pt>
File: ./imgs//one-hot.png Graphic file (type png)
<use ./imgs//one-hot.png>
Package pdftex.def Info: ./imgs//one-hot.png  used on input line 289.
(pdftex.def)             Requested size: 237.04591pt x 101.949pt.

[15 <./imgs//term-frequency.png (PNG copy)> <./imgs//one-hot.png (PNG copy)>]
<./imgs//tf-idf.png, id=527, 296.307pt x 127.4361pt>
File: ./imgs//tf-idf.png Graphic file (type png)
<use ./imgs//tf-idf.png>
Package pdftex.def Info: ./imgs//tf-idf.png  used on input line 301.
(pdftex.def)             Requested size: 237.04591pt x 101.949pt.

[16 <./imgs//tf-idf.png (PNG copy)>] [17]

LaTeX Warning: Citation `n-grams-wiki' on page 18 undefined on input line 358.

<./imgs//uni_grams.png, id=553, 643.40375pt x 201.75375pt>
File: ./imgs//uni_grams.png Graphic file (type png)
<use ./imgs//uni_grams.png>
Package pdftex.def Info: ./imgs//uni_grams.png  used on input line 365.
(pdftex.def)             Requested size: 308.83029pt x 96.84068pt.
<./imgs//bi_grams.png, id=554, 643.40375pt x 201.75375pt>
File: ./imgs//bi_grams.png Graphic file (type png)
<use ./imgs//bi_grams.png>
Package pdftex.def Info: ./imgs//bi_grams.png  used on input line 370.
(pdftex.def)             Requested size: 308.83029pt x 96.84068pt.

LaTeX Warning: `!h' float specifier changed to `!ht'.

<./imgs//tri_grams.png, id=555, 643.40375pt x 201.75375pt>
File: ./imgs//tri_grams.png Graphic file (type png)
<use ./imgs//tri_grams.png>
Package pdftex.def Info: ./imgs//tri_grams.png  used on input line 375.
(pdftex.def)             Requested size: 308.83029pt x 96.84068pt.

LaTeX Warning: `!h' float specifier changed to `!ht'.

[18 <./imgs//uni_grams.png>]
<./imgs//bi_grams_vec.png, id=563, 643.40375pt x 241.90375pt>
File: ./imgs//bi_grams_vec.png Graphic file (type png)
<use ./imgs//bi_grams_vec.png>
Package pdftex.def Info: ./imgs//bi_grams_vec.png  used on input line 390.
(pdftex.def)             Requested size: 308.83029pt x 116.11247pt.
 [19 <./imgs//bi_grams.png> <./imgs//tri_grams.png> <./imgs//bi_grams_vec.png>]
<./imgs//cos_sim.png, id=572, 343.2825pt x 285.065pt>
File: ./imgs//cos_sim.png Graphic file (type png)
<use ./imgs//cos_sim.png>
Package pdftex.def Info: ./imgs//cos_sim.png  used on input line 410.
(pdftex.def)             Requested size: 205.97107pt x 171.04031pt.
 [20 <./imgs//cos_sim.png>] [21] [22

] [23] [24]
[25] [26

] [27] [28

]
<./imgs//labeled_eval.png, id=636, 1084.05pt x 361.35pt>
File: ./imgs//labeled_eval.png Graphic file (type png)
<use ./imgs//labeled_eval.png>
Package pdftex.def Info: ./imgs//labeled_eval.png  used on input line 496.
(pdftex.def)             Requested size: 368.57213pt x 122.85738pt.
 [29 <./imgs//labeled_eval.png>] [30]
<./imgs//confusion_matrix.png, id=659, 440.847pt x 239.6955pt>
File: ./imgs//confusion_matrix.png Graphic file (type png)
<use ./imgs//confusion_matrix.png>
Package pdftex.def Info: ./imgs//confusion_matrix.png  used on input line 532.
(pdftex.def)             Requested size: 242.4666pt x 131.83292pt.
 [31 <./imgs//confusion_matrix.png>]
Overfull \hbox (10.96042pt too wide) in paragraph at lines 557--564
 [][] 
 []

<./imgs//nlp_eval.png, id=672, 1084.05pt x 361.35pt>
File: ./imgs//nlp_eval.png Graphic file (type png)
<use ./imgs//nlp_eval.png>
Package pdftex.def Info: ./imgs//nlp_eval.png  used on input line 570.
(pdftex.def)             Requested size: 368.57213pt x 122.85738pt.
[32 <./imgs//nlp_eval.png>]
Overfull \hbox (10.96042pt too wide) in paragraph at lines 615--622
 [][] 
 []

<./imgs//ngrams_eval.png, id=682, 1084.05pt x 361.35pt>
File: ./imgs//ngrams_eval.png Graphic file (type png)
<use ./imgs//ngrams_eval.png>
Package pdftex.def Info: ./imgs//ngrams_eval.png  used on input line 627.
(pdftex.def)             Requested size: 368.57213pt x 122.85738pt.
[33 <./imgs//ngrams_eval.png>]
Overfull \hbox (10.96042pt too wide) in paragraph at lines 662--669
 [][] 
 []

<./imgs//gsom_eval.png, id=692, 1084.05pt x 361.35pt>
File: ./imgs//gsom_eval.png Graphic file (type png)
<use ./imgs//gsom_eval.png>
Package pdftex.def Info: ./imgs//gsom_eval.png  used on input line 674.
(pdftex.def)             Requested size: 368.57213pt x 122.85738pt.

LaTeX Warning: `!h' float specifier changed to `!ht'.

[34 <./imgs//gsom_eval.png>] [35] [36

] (./DP_Fedotov_Daniil_2021.bbl [37]
[38

]
bibitemlist
LaTeX Font Info:    Trying to load font information for OT1+lmtt on input line 
14.
(c:/texlive/2020/texmf-dist/tex/latex/lm/ot1lmtt.fd
File: ot1lmtt.fd 2009/10/30 v1.6 Font defs for Latin Modern
)
Underfull \hbox (badness 1112) in paragraph at lines 26--29
\OT1/lmr/m/n/10.95 age-ment Tools. Febru-ary 2020, [Cited 2021-03-30]. Avail-ab
le from:
 []


Underfull \hbox (badness 10000) in paragraph at lines 26--29
[]$\OT1/lmtt/m/n/10.95 https : / / www\OML/lmm/m/it/10.95 :\OT1/lmtt/m/n/10.95 
graylog\OML/lmm/m/it/10.95 :\OT1/lmtt/m/n/10.95 org / post / turning -[] unstru
ctured -[] data -[] into -[]
 []


Underfull \hbox (badness 2689) in paragraph at lines 38--41
[]\OT1/lmr/m/n/10.95 Text Vec-tor-iza-tion and Trans-for-ma-tion Pipelines - Ap
-plied Text
 []

[39]
Underfull \hbox (badness 10000) in paragraph at lines 65--68
\OT1/lmtt/m/n/10.95 sentiment -[] analysis -[] concept -[] analysis -[] and -[]
 applications -[]
 []


Underfull \hbox (badness 1466) in paragraph at lines 79--82
[]\OT1/lmr/m/n/10.95 Stemming - Hands-On Nat-u-ral Lan-guage Pro-cess-ing with 
Python
 []


Underfull \hbox (badness 3009) in paragraph at lines 79--82
\OT1/lmr/m/n/10.95 [Book]. April 2021, [Cited 2021-04-10]. Avail-able from: []$
\OT1/lmtt/m/n/10.95 https :
 []


Underfull \hbox (badness 10000) in paragraph at lines 79--82
\OT1/lmtt/m/n/10.95 / / www\OML/lmm/m/it/10.95 :\OT1/lmtt/m/n/10.95 oreilly\OML
/lmm/m/it/10.95 :\OT1/lmtt/m/n/10.95 com / library / view / hands -[] on -[] na
tural -[] language /
 []


Underfull \hbox (badness 3471) in paragraph at lines 96--98
[]\OT1/lmr/m/n/10.95 Stemming and Lemma-ti-za-tion in Python. Oc-to-ber 2018, [
Cited
 []

[40]
Underfull \hbox (badness 1983) in paragraph at lines 113--116
[]\OT1/lmr/m/n/10.95 Cosine Sim-i-lar-ity { Un-der-stand-ing the math and how i
t works.
 []


Underfull \hbox (badness 10000) in paragraph at lines 113--116
\OT1/lmr/m/n/10.95 Oc-to-ber 2018, [Cited 2021-04-14]. Avail-able from: []$\OT1
/lmtt/m/n/10.95 https :
 []


Underfull \hbox (badness 5652) in paragraph at lines 130--132
[]\OT1/lmr/m/n/10.95 Understanding Back-prop-a-ga-tion Al-go-rithm. Au-gust 201
8, [Cited
 []


Underfull \hbox (badness 10000) in paragraph at lines 130--132
\OT1/lmr/m/n/10.95 2021-04-15]. Avail-able from: []$\OT1/lmtt/m/n/10.95 https :
 / / towardsdatascience\OML/lmm/m/it/10.95 :\OT1/lmtt/m/n/10.95 com /
 []


Underfull \hbox (badness 6204) in paragraph at lines 156--158
[]\OT1/lmr/m/n/10.95 Clustering per-for-mance eval-u-a-tion. April 2021, [Cited
 2021-04-
 []


Underfull \hbox (badness 2401) in paragraph at lines 156--158
\OT1/lmr/m/n/10.95 12]. Avail-able from: []$\OT1/lmtt/m/n/10.95 https : / / sci
kit -[] learn\OML/lmm/m/it/10.95 :\OT1/lmtt/m/n/10.95 org / stable / modules /
 []


Underfull \hbox (badness 3792) in paragraph at lines 160--162
[]\OT1/lmr/m/n/10.95 Adjusted Rand Score. April 2021, [Cited 2021-04-12]. Avail
-able
 []


Underfull \hbox (badness 10000) in paragraph at lines 160--162
\OT1/lmr/m/n/10.95 from: []$\OT1/lmtt/m/n/10.95 https : / / scikit -[] learn\OM
L/lmm/m/it/10.95 :\OT1/lmtt/m/n/10.95 org / stable / modules / generated /
 []

) [41] [42

] [43] [44

] [45]
\tf@toc=\write5
\openout5 = `DP_Fedotov_Daniil_2021.toc'.

\tf@lof=\write6
\openout6 = `DP_Fedotov_Daniil_2021.lof'.

\tf@lot=\write7
\openout7 = `DP_Fedotov_Daniil_2021.lot'.

 (./DP_Fedotov_Daniil_2021.aux)

LaTeX Font Warning: Some font shapes were not available, defaults substituted.


LaTeX Warning: There were undefined references.

Package rerunfilecheck Info: File `DP_Fedotov_Daniil_2021.out' has not changed.

(rerunfilecheck)             Checksum: 48F8EFC207DC133F2A61E187F87C3AA1;7523.
 ) 
Here is how much of TeX's memory you used:
 14471 strings out of 479023
 211408 string characters out of 5863351
 605225 words of memory out of 5000000
 31531 multiletter control sequences out of 15000+600000
 470098 words of font info for 62 fonts, out of 8000000 for 9000
 1141 hyphenation exceptions out of 8191
 97i,17n,102p,1357b,506s stack positions out of 5000i,500n,10000p,200000b,80000s
{c:/texlive/2020/texmf-dist/fonts/enc/dvips/lm/lm-rmtt.enc}{c:/texlive/2020/t
exmf-dist/fonts/enc/dvips/lm/lm-mathsy.enc}{c:/texlive/2020/texmf-dist/fonts/en
c/dvips/lm/lm-mathit.enc}{c:/texlive/2020/texmf-dist/fonts/enc/dvips/lm/lm-rm.e
nc}{c:/texlive/2020/texmf-dist/fonts/enc/dvips/lm/lm-rmsc.enc}{c:/texlive/2020/
texmf-dist/fonts/enc/dvips/lm/lm-ts1.enc}<c:/texlive/2020/texmf-dist/fonts/type
1/public/lm/lmbx10.pfb><c:/texlive/2020/texmf-dist/fonts/type1/public/lm/lmbx12
.pfb><c:/texlive/2020/texmf-dist/fonts/type1/public/lm/lmbxi10.pfb><c:/texlive/
2020/texmf-dist/fonts/type1/public/lm/lmcsc10.pfb><c:/texlive/2020/texmf-dist/f
onts/type1/public/lm/lmmi10.pfb><c:/texlive/2020/texmf-dist/fonts/type1/public/
lm/lmmi8.pfb><c:/texlive/2020/texmf-dist/fonts/type1/public/lm/lmr10.pfb><c:/te
xlive/2020/texmf-dist/fonts/type1/public/lm/lmr12.pfb><c:/texlive/2020/texmf-di
st/fonts/type1/public/lm/lmr6.pfb><c:/texlive/2020/texmf-dist/fonts/type1/publi
c/lm/lmr8.pfb><c:/texlive/2020/texmf-dist/fonts/type1/public/lm/lmr9.pfb><c:/te
xlive/2020/texmf-dist/fonts/type1/public/lm/lmri10.pfb><c:/texlive/2020/texmf-d
ist/fonts/type1/public/lm/lmssbx10.pfb><c:/texlive/2020/texmf-dist/fonts/type1/
public/lm/lmsy10.pfb><c:/texlive/2020/texmf-dist/fonts/type1/public/lm/lmsy8.pf
b><c:/texlive/2020/texmf-dist/fonts/type1/public/lm/lmtt10.pfb>
Output written on DP_Fedotov_Daniil_2021.pdf (61 pages, 1231353 bytes).
PDF statistics:
 907 PDF objects out of 1000 (max. 8388607)
 787 compressed objects within 8 object streams
 186 named destinations out of 1000 (max. 500000)
 501 words of extra memory for PDF output out of 10000 (max. 10000000)

